[debug] [2021-04-18T10:30:21.932Z] ----------------------------------------------------------------------
[debug] [2021-04-18T10:30:21.934Z] Command:       C:\Program Files\nodejs\node.exe C:\Users\geniu\AppData\Roaming\npm\node_modules\firebase-tools\lib\bin\firebase.js init hosting
[debug] [2021-04-18T10:30:21.935Z] CLI Version:   9.10.0
[debug] [2021-04-18T10:30:21.935Z] Platform:      win32
[debug] [2021-04-18T10:30:21.935Z] Node Version:  v14.16.0
[debug] [2021-04-18T10:30:21.937Z] Time:          Sun Apr 18 2021 16:30:21 GMT+0600 (Bangladesh Standard Time)
[debug] [2021-04-18T10:30:21.937Z] ----------------------------------------------------------------------
[debug] 
[debug] [2021-04-18T10:30:21.961Z] > command requires scopes: ["email","openid","https://www.googleapis.com/auth/cloudplatformprojects.readonly","https://www.googleapis.com/auth/firebase","https://www.googleapis.com/auth/cloud-platform"]
[debug] [2021-04-18T10:30:21.962Z] > authorizing via signed-in user (mhasan191204@bscse.uiu.ac.bd)
[info] 
     ######## #### ########  ######## ########     ###     ######  ########
     ##        ##  ##     ## ##       ##     ##  ##   ##  ##       ##
     ######    ##  ########  ######   ########  #########  ######  ######
     ##        ##  ##    ##  ##       ##     ## ##     ##       ## ##
     ##       #### ##     ## ######## ########  ##     ##  ######  ########

You're about to initialize a Firebase project in this directory:

  D:\Programming Hero\website

Before we get started, keep in mind:

  * You are initializing in an existing Firebase project directory

[info] 
=== Project Setup
[info] 
[info] First, let's associate this project directory with a Firebase project.
[info] You can create multiple project aliases by running firebase use --add, 
[info] but for now we'll just set up a default project.
[info] 
[info] i  .firebaserc already has a default project, using ready-bite. 
[debug] [2021-04-18T10:30:24.772Z] > refreshing access token with scopes: []
[debug] [2021-04-18T10:30:24.773Z] >>> HTTP REQUEST POST https://www.googleapis.com/oauth2/v3/token  
 <request body omitted>
[debug] [2021-04-18T10:30:25.148Z] <<< HTTP RESPONSE 200 {"expires":"Mon, 01 Jan 1990 00:00:00 GMT","cache-control":"no-cache, no-store, max-age=0, must-revalidate","date":"Sun, 18 Apr 2021 10:30:26 GMT","pragma":"no-cache","content-type":"application/json; charset=utf-8","vary":"X-Origin, Referer, Origin,Accept-Encoding","server":"scaffolding on HTTPServer2","x-xss-protection":"0","x-frame-options":"SAMEORIGIN","x-content-type-options":"nosniff","alt-svc":"h3-29=\":443\"; ma=2592000,h3-T051=\":443\"; ma=2592000,h3-Q050=\":443\"; ma=2592000,h3-Q046=\":443\"; ma=2592000,h3-Q043=\":443\"; ma=2592000,quic=\":443\"; ma=2592000; v=\"46,43\"","accept-ranges":"none","transfer-encoding":"chunked"}
[debug] [2021-04-18T10:30:25.211Z] >>> [apiv2][query] GET https://firebase.googleapis.com/v1beta1/projects/ready-bite [none]
[debug] [2021-04-18T10:30:25.892Z] <<< [apiv2][status] GET https://firebase.googleapis.com/v1beta1/projects/ready-bite 403
[debug] [2021-04-18T10:30:25.893Z] <<< [apiv2][body] GET https://firebase.googleapis.com/v1beta1/projects/ready-bite {"error":{"code":403,"message":"The caller does not have permission","status":"PERMISSION_DENIED"}}
[debug] [2021-04-18T10:30:25.893Z] HTTP Error: 403, The caller does not have permission
[debug] [2021-04-18T10:30:26.213Z] FirebaseError: HTTP Error: 403, The caller does not have permission
    at module.exports (C:\Users\geniu\AppData\Roaming\npm\node_modules\firebase-tools\lib\responseToError.js:38:12)
    at Client.doRequest (C:\Users\geniu\AppData\Roaming\npm\node_modules\firebase-tools\lib\apiv2.js:238:23)
    at processTicksAndRejections (internal/process/task_queues.js:93:5)
    at async Client.request (C:\Users\geniu\AppData\Roaming\npm\node_modules\firebase-tools\lib\apiv2.js:96:20)
    at async Object.getFirebaseProject (C:\Users\geniu\AppData\Roaming\npm\node_modules\firebase-tools\lib\management\projects.js:290:21)
    at async Object.doSetup [as project] (C:\Users\geniu\AppData\Roaming\npm\node_modules\firebase-tools\lib\init\features\project.js:77:27)
    at async init (C:\Users\geniu\AppData\Roaming\npm\node_modules\firebase-tools\lib\init\index.js:19:9)
[error] 
[error] Error: Failed to get Firebase project ready-bite. Please make sure the project exists and your account has permission to access it.
